<?xml version="1.0" encoding="UTF-8"?>
<!-- Generated by org.testng.reporters.JUnitReportReporter -->
<testsuite hostname="lahiruh1" failures="0" tests="1" name="com.alaqahtml5.qa.neowebtests.NeoWebLoginTest" time="33.590" errors="0" timestamp="2023-10-11T16:07:07 AST" skipped="0">
  <testcase classname="com.alaqahtml5.qa.neowebtests.NeoWebLoginTest" name="logInTest" time="33.590"/>
</testsuite> <!-- com.alaqahtml5.qa.neowebtests.NeoWebLoginTest -->
