<?xml version="1.0" encoding="UTF-8"?>
<!-- Generated by org.testng.reporters.JUnitReportReporter -->
<testsuite hostname="lahiruh1" failures="0" tests="1" name="com.alaqahtml5.qa.neowebtests.LeftNavigationTest" time="33.496" errors="0" timestamp="2024-04-01T13:48:19 IST" skipped="0">
  <testcase classname="com.alaqahtml5.qa.neowebtests.LeftNavigationTest" name="leftNavigationTest" time="33.496"/>
</testsuite> <!-- com.alaqahtml5.qa.neowebtests.LeftNavigationTest -->
