<?xml version="1.0" encoding="UTF-8"?>
<!-- Generated by org.testng.reporters.JUnitReportReporter -->
<testsuite hostname="lahiruh1" failures="0" tests="1" name="com.alaqahtml5.qa.loginpagetests.EnToARTest" time="14.103" errors="0" timestamp="2024-03-08T08:13:15 IST" skipped="0">
  <testcase classname="com.alaqahtml5.qa.loginpagetests.EnToARTest" name="switchingToEnAR" time="14.103"/>
</testsuite> <!-- com.alaqahtml5.qa.loginpagetests.EnToARTest -->
