<?xml version="1.0" encoding="UTF-8"?>
<!-- Generated by org.testng.reporters.JUnitReportReporter -->
<testsuite hostname="lahiruh1" failures="0" tests="6" name="com.alaqahtml5.qa.loginpagetests.LogInTestAll" time="110.129" errors="0" timestamp="2023-12-25T14:43:58 AST" skipped="0">
  <testcase classname="com.alaqahtml5.qa.loginpagetests.LogInTestAll" name="logInTestsAll" time="17.756"/>
  <testcase classname="com.alaqahtml5.qa.loginpagetests.LogInTestAll" name="logInTestsAll" time="17.332"/>
  <testcase classname="com.alaqahtml5.qa.loginpagetests.LogInTestAll" name="logInTestsAll" time="17.337"/>
  <testcase classname="com.alaqahtml5.qa.loginpagetests.LogInTestAll" name="logInTestsAll" time="22.754"/>
  <testcase classname="com.alaqahtml5.qa.loginpagetests.LogInTestAll" name="logInTestsAll" time="17.138"/>
  <testcase classname="com.alaqahtml5.qa.loginpagetests.LogInTestAll" name="logInTestsAll" time="17.812"/>
</testsuite> <!-- com.alaqahtml5.qa.loginpagetests.LogInTestAll -->
