<?xml version="1.0" encoding="UTF-8"?>
<!-- Generated by org.testng.reporters.JUnitReportReporter -->
<testsuite hostname="lahiruh1" failures="0" tests="1" name="com.alaqahtml5.qa.onlineaccountoperning.NeoRegularOLAOPathTest" time="49.635" errors="0" timestamp="2024-01-18T12:05:46 IST" skipped="0">
  <testcase classname="com.alaqahtml5.qa.onlineaccountoperning.NeoRegularOLAOPathTest" name="navigateToRegulerOLAO" time="49.635"/>
</testsuite> <!-- com.alaqahtml5.qa.onlineaccountoperning.NeoRegularOLAOPathTest -->
